0 verbose cli [
0 verbose cli   '/usr/local/nvm/versions/node/v16.14.2/bin/node',
0 verbose cli   '/usr/local/nvm/versions/node/v16.14.2/bin/npm',
0 verbose cli   'install',
0 verbose cli   '--no-audit',
0 verbose cli   '--save',
0 verbose cli   '@testing-library/jest-dom@^5.14.1',
0 verbose cli   '@testing-library/react@^12.0.0',
0 verbose cli   '@testing-library/user-event@^13.2.1',
0 verbose cli   'web-vitals@^2.1.0'
0 verbose cli ]
1 info using npm@8.5.0
2 info using node@v16.14.2
3 timing npm:load:whichnode Completed in 0ms
4 timing config:load:defaults Completed in 2ms
5 timing config:load:file:/usr/local/nvm/versions/node/v16.14.2/lib/node_modules/npm/npmrc Completed in 1ms
6 timing config:load:builtin Completed in 1ms
7 timing config:load:cli Completed in 2ms
8 timing config:load:env Completed in 1ms
9 timing config:load:file:/home/smasontech/client/.npmrc Completed in 0ms
10 timing config:load:project Completed in 24ms
11 timing config:load:file:/home/smasontech/.npmrc Completed in 0ms
12 timing config:load:user Completed in 0ms
13 timing config:load:file:/usr/local/nvm/versions/node/v16.14.2/etc/npmrc Completed in 0ms
14 timing config:load:global Completed in 1ms
15 timing config:load:validate Completed in 1ms
16 timing config:load:credentials Completed in 1ms
17 timing config:load:setEnvs Completed in 1ms
18 timing config:load Completed in 34ms
19 timing npm:load:configload Completed in 34ms
20 timing npm:load:setTitle Completed in 0ms
21 timing config:load:flatten Completed in 2ms
22 timing npm:load:display Completed in 5ms
23 verbose logfile /home/smasontech/.npm/_logs/2022-03-23T18_56_28_113Z-debug-0.log
24 timing npm:load:logFile Completed in 7ms
25 timing npm:load:timers Completed in 0ms
26 timing npm:load:configScope Completed in 0ms
27 timing npm:load Completed in 47ms
28 timing arborist:ctor Completed in 0ms
29 timing idealTree:init Completed in 1207ms
30 timing idealTree:userRequests Completed in 4ms
31 silly idealTree buildDeps
32 silly fetch manifest @testing-library/jest-dom@^5.14.1
33 timing arborist:ctor Completed in 0ms
34 http fetch GET 200 https://registry.npmjs.org/@testing-library%2fjest-dom 1047ms (cache miss)
35 silly fetch manifest @testing-library/react@^12.0.0
36 http fetch GET 200 https://registry.npmjs.org/@testing-library%2freact 107ms (cache miss)
37 silly fetch manifest react@^17.0.2
38 http fetch GET 200 https://registry.npmjs.org/react 11ms (cache hit)
39 silly fetch manifest react-dom@^17.0.2
40 http fetch GET 200 https://registry.npmjs.org/react-dom 9ms (cache hit)
41 silly fetch manifest @testing-library/user-event@^13.2.1
42 http fetch GET 200 https://registry.npmjs.org/@testing-library%2fuser-event 122ms (cache miss)
43 silly fetch manifest @testing-library/dom@>=7.21.4
44 http fetch GET 200 https://registry.npmjs.org/@testing-library%2fdom 112ms (cache miss)
45 silly fetch manifest web-vitals@^2.1.0
46 http fetch GET 200 https://registry.npmjs.org/web-vitals 51ms (cache miss)
47 silly placeDep ROOT @testing-library/jest-dom@5.16.2 OK for: client@0.1.0 want: ^5.14.1
48 silly placeDep ROOT @testing-library/react@12.1.4 OK for: client@0.1.0 want: ^12.0.0
49 silly placeDep ROOT @testing-library/user-event@13.5.0 OK for: client@0.1.0 want: ^13.2.1
50 silly placeDep ROOT @testing-library/dom@8.11.3 OK for: @testing-library/user-event@13.5.0 want: >=7.21.4
51 silly placeDep ROOT web-vitals@2.1.4 OK for: client@0.1.0 want: ^2.1.0
52 silly fetch manifest @types/testing-library__jest-dom@^5.9.1
53 silly fetch manifest aria-query@^5.0.0
54 silly fetch manifest chalk@^3.0.0
55 silly fetch manifest css@^3.0.0
56 silly fetch manifest css.escape@^1.5.1
57 silly fetch manifest dom-accessibility-api@^0.5.6
58 silly fetch manifest redent@^3.0.0
59 silly fetch manifest @types/react-dom@*
60 silly fetch manifest @types/aria-query@^4.2.0
61 silly fetch manifest chalk@^4.1.0
62 silly fetch manifest dom-accessibility-api@^0.5.9
63 silly fetch manifest lz-string@^1.4.4
64 http fetch GET 200 https://registry.npmjs.org/chalk 35ms (cache hit)
65 http fetch GET 200 https://registry.npmjs.org/aria-query 39ms (cache hit)
66 http fetch GET 200 https://registry.npmjs.org/@types%2ftesting-library__jest-dom 76ms (cache miss)
67 http fetch GET 200 https://registry.npmjs.org/dom-accessibility-api 101ms (cache miss)
68 http fetch GET 200 https://registry.npmjs.org/redent 127ms (cache miss)
69 http fetch GET 200 https://registry.npmjs.org/css.escape 129ms (cache miss)
70 http fetch GET 200 https://registry.npmjs.org/css 132ms (cache miss)
71 http fetch GET 200 https://registry.npmjs.org/@types%2faria-query 138ms (cache miss)
72 http fetch GET 200 https://registry.npmjs.org/lz-string 138ms (cache miss)
73 http fetch GET 200 https://registry.npmjs.org/@types%2freact-dom 148ms (cache miss)
74 timing idealTree:#root Completed in 1680ms
75 silly placeDep ROOT @types/aria-query@4.2.2 OK for: @testing-library/dom@8.11.3 want: ^4.2.0
76 silly placeDep node_modules/@testing-library/dom aria-query@5.0.0 OK for: @testing-library/dom@8.11.3 want: ^5.0.0
77 silly placeDep node_modules/@testing-library/dom chalk@4.1.2 OK for: @testing-library/dom@8.11.3 want: ^4.1.0
78 silly placeDep ROOT dom-accessibility-api@0.5.13 OK for: @testing-library/dom@8.11.3 want: ^0.5.9
79 silly placeDep ROOT lz-string@1.4.4 OK for: @testing-library/dom@8.11.3 want: ^1.4.4
80 silly fetch manifest ansi-styles@^4.1.0
81 silly fetch manifest supports-color@^7.1.0
82 http fetch GET 200 https://registry.npmjs.org/supports-color 48ms (cache revalidated)
83 http fetch GET 200 https://registry.npmjs.org/ansi-styles 67ms (cache revalidated)
84 timing idealTree:node_modules/@testing-library/dom Completed in 80ms
85 silly placeDep ROOT @types/testing-library__jest-dom@5.14.3 OK for: @testing-library/jest-dom@5.16.2 want: ^5.9.1
86 silly placeDep node_modules/@testing-library/jest-dom aria-query@5.0.0 OK for: @testing-library/jest-dom@5.16.2 want: ^5.0.0
87 silly placeDep node_modules/@testing-library/jest-dom chalk@3.0.0 OK for: @testing-library/jest-dom@5.16.2 want: ^3.0.0
88 silly placeDep ROOT css@3.0.0 OK for: @testing-library/jest-dom@5.16.2 want: ^3.0.0
89 silly placeDep ROOT css.escape@1.5.1 OK for: @testing-library/jest-dom@5.16.2 want: ^1.5.1
90 silly placeDep ROOT redent@3.0.0 OK for: @testing-library/jest-dom@5.16.2 want: ^3.0.0
91 silly fetch manifest @types/jest@*
92 silly fetch manifest source-map@^0.6.1
93 silly fetch manifest source-map-resolve@^0.6.0
94 silly fetch manifest strip-indent@^3.0.0
95 http fetch GET 200 https://registry.npmjs.org/source-map 8ms (cache hit)
96 http fetch GET 200 https://registry.npmjs.org/strip-indent 65ms (cache miss)
97 http fetch GET 200 https://registry.npmjs.org/source-map-resolve 71ms (cache miss)
98 http fetch GET 200 https://registry.npmjs.org/@types%2fjest 73ms (cache miss)
99 timing idealTree:node_modules/@testing-library/jest-dom Completed in 84ms
100 silly placeDep ROOT @types/react-dom@17.0.14 OK for: @testing-library/react@12.1.4 want: *
101 silly fetch manifest @types/react@*
102 http fetch GET 200 https://registry.npmjs.org/@types%2freact 92ms (cache miss)
103 timing idealTree:node_modules/@testing-library/react Completed in 97ms
104 timing idealTree:node_modules/@testing-library/user-event Completed in 0ms
105 timing idealTree:node_modules/@types/aria-query Completed in 0ms
106 silly placeDep ROOT @types/react@17.0.42 OK for: @types/react-dom@17.0.14 want: *
107 silly fetch manifest @types/prop-types@*
108 silly fetch manifest @types/scheduler@*
109 silly fetch manifest csstype@^3.0.2
110 http fetch GET 200 https://registry.npmjs.org/@types%2fscheduler 73ms (cache miss)
111 http fetch GET 200 https://registry.npmjs.org/@types%2fprop-types 74ms (cache miss)
112 http fetch GET 200 https://registry.npmjs.org/csstype 76ms (cache miss)
113 timing idealTree:node_modules/@types/react-dom Completed in 82ms
114 silly placeDep ROOT @types/prop-types@15.7.4 OK for: @types/react@17.0.42 want: *
115 silly placeDep ROOT @types/scheduler@0.16.2 OK for: @types/react@17.0.42 want: *
116 silly placeDep ROOT csstype@3.0.11 OK for: @types/react@17.0.42 want: ^3.0.2
117 timing idealTree:node_modules/@types/react Completed in 6ms
118 timing idealTree:node_modules/@types/prop-types Completed in 0ms
119 timing idealTree:node_modules/@types/scheduler Completed in 0ms
120 silly placeDep ROOT @types/jest@27.4.1 OK for: @types/testing-library__jest-dom@5.14.3 want: *
121 timing idealTree:node_modules/@types/testing-library__jest-dom Completed in 2ms
122 timing idealTree:node_modules/@types/jest Completed in 0ms
123 silly placeDep node_modules/css source-map@0.6.1 OK for: css@3.0.0 want: ^0.6.1
124 silly placeDep ROOT source-map-resolve@0.6.0 OK for: css@3.0.0 want: ^0.6.0
125 silly fetch manifest atob@^2.1.2
126 silly fetch manifest decode-uri-component@^0.2.0
127 http fetch GET 200 https://registry.npmjs.org/decode-uri-component 66ms (cache miss)
128 http fetch GET 200 https://registry.npmjs.org/atob 70ms (cache miss)
129 timing idealTree:node_modules/css Completed in 73ms
130 timing idealTree:node_modules/css.escape Completed in 0ms
131 timing idealTree:node_modules/csstype Completed in 0ms
132 timing idealTree:node_modules/dom-accessibility-api Completed in 0ms
133 timing idealTree:node_modules/lz-string Completed in 0ms
134 silly placeDep ROOT strip-indent@3.0.0 OK for: redent@3.0.0 want: ^3.0.0
135 silly fetch manifest min-indent@^1.0.0
136 http fetch GET 200 https://registry.npmjs.org/min-indent 72ms (cache miss)
137 timing idealTree:node_modules/redent Completed in 75ms
138 silly placeDep ROOT atob@2.1.2 OK for: source-map-resolve@0.6.0 want: ^2.1.2
139 silly placeDep ROOT decode-uri-component@0.2.0 OK for: source-map-resolve@0.6.0 want: ^0.2.0
140 timing idealTree:node_modules/source-map-resolve Completed in 5ms
141 timing idealTree:node_modules/atob Completed in 0ms
142 timing idealTree:node_modules/decode-uri-component Completed in 0ms
143 silly placeDep ROOT min-indent@1.0.1 OK for: strip-indent@3.0.0 want: ^1.0.0
144 timing idealTree:node_modules/strip-indent Completed in 3ms
145 timing idealTree:node_modules/min-indent Completed in 0ms
146 timing idealTree:node_modules/web-vitals Completed in 0ms
147 timing idealTree:node_modules/@testing-library/dom/node_modules/aria-query Completed in 0ms
148 silly placeDep node_modules/@testing-library/dom ansi-styles@4.3.0 OK for: chalk@4.1.2 want: ^4.1.0
149 silly placeDep node_modules/@testing-library/dom supports-color@7.2.0 OK for: chalk@4.1.2 want: ^7.1.0
150 silly fetch manifest color-convert@^2.0.1
151 silly fetch manifest has-flag@^4.0.0
152 http fetch GET 200 https://registry.npmjs.org/color-convert 12ms (cache hit)
153 http fetch GET 200 https://registry.npmjs.org/has-flag 12ms (cache hit)
154 timing idealTree:node_modules/@testing-library/dom/node_modules/chalk Completed in 18ms
155 silly placeDep node_modules/@testing-library/dom color-convert@2.0.1 OK for: ansi-styles@4.3.0 want: ^2.0.1
156 silly fetch manifest color-name@~1.1.4
157 http fetch GET 200 https://registry.npmjs.org/color-name 68ms (cache revalidated)
158 timing idealTree:node_modules/@testing-library/dom/node_modules/ansi-styles Completed in 76ms
159 silly placeDep node_modules/@testing-library/dom color-name@1.1.4 OK for: color-convert@2.0.1 want: ~1.1.4
160 timing idealTree:node_modules/@testing-library/dom/node_modules/color-convert Completed in 2ms
161 timing idealTree:node_modules/@testing-library/dom/node_modules/color-name Completed in 0ms
162 silly placeDep node_modules/@testing-library/dom has-flag@4.0.0 OK for: supports-color@7.2.0 want: ^4.0.0
163 timing idealTree:node_modules/@testing-library/dom/node_modules/supports-color Completed in 1ms
164 timing idealTree:node_modules/@testing-library/dom/node_modules/has-flag Completed in 0ms
165 timing idealTree:node_modules/@testing-library/jest-dom/node_modules/aria-query Completed in 0ms
166 silly placeDep node_modules/@testing-library/jest-dom ansi-styles@4.3.0 OK for: chalk@3.0.0 want: ^4.1.0
167 silly placeDep node_modules/@testing-library/jest-dom supports-color@7.2.0 OK for: chalk@3.0.0 want: ^7.1.0
168 timing idealTree:node_modules/@testing-library/jest-dom/node_modules/chalk Completed in 2ms
169 silly placeDep node_modules/@testing-library/jest-dom color-convert@2.0.1 OK for: ansi-styles@4.3.0 want: ^2.0.1
170 timing idealTree:node_modules/@testing-library/jest-dom/node_modules/ansi-styles Completed in 1ms
171 silly placeDep node_modules/@testing-library/jest-dom color-name@1.1.4 OK for: color-convert@2.0.1 want: ~1.1.4
172 timing idealTree:node_modules/@testing-library/jest-dom/node_modules/color-convert Completed in 2ms
173 timing idealTree:node_modules/@testing-library/jest-dom/node_modules/color-name Completed in 0ms
174 silly placeDep node_modules/@testing-library/jest-dom has-flag@4.0.0 OK for: supports-color@7.2.0 want: ^4.0.0
175 timing idealTree:node_modules/@testing-library/jest-dom/node_modules/supports-color Completed in 2ms
176 timing idealTree:node_modules/@testing-library/jest-dom/node_modules/has-flag Completed in 0ms
177 timing idealTree:node_modules/css/node_modules/source-map Completed in 0ms
178 timing idealTree:buildDeps Completed in 2299ms
179 timing idealTree:fixDepFlags Completed in 33ms
180 timing idealTree Completed in 3568ms
181 timing reify:loadTrees Completed in 3569ms
182 timing reify:diffTrees Completed in 54ms
183 silly reify moves {}
184 timing reify:retireShallow Completed in 1ms
185 timing reify:createSparse Completed in 15ms
186 timing reify:loadBundles Completed in 0ms
187 verbose reify failed optional dependency /home/smasontech/client/node_modules/fsevents
188 silly reify mark deleted [ '/home/smasontech/client/node_modules/fsevents' ]
189 timing reifyNode:node_modules/fsevents Completed in 9ms
190 silly tarball no local data for min-indent@https://registry.npmjs.org/min-indent/-/min-indent-1.0.1.tgz. Extracting by manifest.
191 silly tarball no local data for decode-uri-component@https://registry.npmjs.org/decode-uri-component/-/decode-uri-component-0.2.0.tgz. Extracting by manifest.
192 silly tarball no local data for atob@https://registry.npmjs.org/atob/-/atob-2.1.2.tgz. Extracting by manifest.
193 silly tarball no local data for strip-indent@https://registry.npmjs.org/strip-indent/-/strip-indent-3.0.0.tgz. Extracting by manifest.
194 silly tarball no local data for source-map-resolve@https://registry.npmjs.org/source-map-resolve/-/source-map-resolve-0.6.0.tgz. Extracting by manifest.
195 silly tarball no local data for @types/jest@https://registry.npmjs.org/@types/jest/-/jest-27.4.1.tgz. Extracting by manifest.
196 silly tarball no local data for csstype@https://registry.npmjs.org/csstype/-/csstype-3.0.11.tgz. Extracting by manifest.
197 silly tarball no local data for @types/scheduler@https://registry.npmjs.org/@types/scheduler/-/scheduler-0.16.2.tgz. Extracting by manifest.
198 silly tarball no local data for @types/prop-types@https://registry.npmjs.org/@types/prop-types/-/prop-types-15.7.4.tgz. Extracting by manifest.
199 silly tarball no local data for @types/react@https://registry.npmjs.org/@types/react/-/react-17.0.42.tgz. Extracting by manifest.
200 silly tarball no local data for @types/react-dom@https://registry.npmjs.org/@types/react-dom/-/react-dom-17.0.14.tgz. Extracting by manifest.
201 silly tarball no local data for redent@https://registry.npmjs.org/redent/-/redent-3.0.0.tgz. Extracting by manifest.
202 silly tarball no local data for css.escape@https://registry.npmjs.org/css.escape/-/css.escape-1.5.1.tgz. Extracting by manifest.
203 silly tarball no local data for css@https://registry.npmjs.org/css/-/css-3.0.0.tgz. Extracting by manifest.
204 silly tarball no local data for @types/testing-library__jest-dom@https://registry.npmjs.org/@types/testing-library__jest-dom/-/testing-library__jest-dom-5.14.3.tgz. Extracting by manifest.
205 silly tarball no local data for lz-string@https://registry.npmjs.org/lz-string/-/lz-string-1.4.4.tgz. Extracting by manifest.
206 silly tarball no local data for dom-accessibility-api@https://registry.npmjs.org/dom-accessibility-api/-/dom-accessibility-api-0.5.13.tgz. Extracting by manifest.
207 silly tarball no local data for @types/aria-query@https://registry.npmjs.org/@types/aria-query/-/aria-query-4.2.2.tgz. Extracting by manifest.
208 silly tarball no local data for web-vitals@https://registry.npmjs.org/web-vitals/-/web-vitals-2.1.4.tgz. Extracting by manifest.
209 silly tarball no local data for @testing-library/dom@https://registry.npmjs.org/@testing-library/dom/-/dom-8.11.3.tgz. Extracting by manifest.
210 silly tarball no local data for @testing-library/user-event@https://registry.npmjs.org/@testing-library/user-event/-/user-event-13.5.0.tgz. Extracting by manifest.
211 silly tarball no local data for @testing-library/react@https://registry.npmjs.org/@testing-library/react/-/react-12.1.4.tgz. Extracting by manifest.
212 silly tarball no local data for @testing-library/jest-dom@https://registry.npmjs.org/@testing-library/jest-dom/-/jest-dom-5.16.2.tgz. Extracting by manifest.
213 silly tarball no local data for aria-query@https://registry.npmjs.org/aria-query/-/aria-query-5.0.0.tgz. Extracting by manifest.
214 silly tarball no local data for chalk@https://registry.npmjs.org/chalk/-/chalk-3.0.0.tgz. Extracting by manifest.
215 silly tarball no local data for aria-query@https://registry.npmjs.org/aria-query/-/aria-query-5.0.0.tgz. Extracting by manifest.
216 timing reifyNode:node_modules/@testing-library/dom/node_modules/color-name Completed in 432ms
217 timing reifyNode:node_modules/@testing-library/jest-dom/node_modules/color-name Completed in 433ms
218 timing reifyNode:node_modules/@testing-library/dom/node_modules/has-flag Completed in 468ms
219 timing reifyNode:node_modules/@testing-library/dom/node_modules/supports-color Completed in 468ms
220 timing reifyNode:node_modules/@testing-library/jest-dom/node_modules/has-flag Completed in 469ms
221 timing reifyNode:node_modules/@testing-library/jest-dom/node_modules/supports-color Completed in 470ms
222 timing reifyNode:node_modules/@testing-library/dom/node_modules/ansi-styles Completed in 495ms
223 timing reifyNode:node_modules/@testing-library/jest-dom/node_modules/ansi-styles Completed in 496ms
224 timing reifyNode:node_modules/@testing-library/dom/node_modules/color-convert Completed in 513ms
225 timing reifyNode:node_modules/@testing-library/jest-dom/node_modules/color-convert Completed in 514ms
226 timing reifyNode:node_modules/@testing-library/dom/node_modules/chalk Completed in 530ms
227 http fetch GET 200 https://registry.npmjs.org/@types/scheduler/-/scheduler-0.16.2.tgz 468ms (cache miss)
228 timing reifyNode:node_modules/@types/scheduler Completed in 558ms
229 http fetch GET 200 https://registry.npmjs.org/min-indent/-/min-indent-1.0.1.tgz 528ms (cache miss)
230 timing reifyNode:node_modules/min-indent Completed in 573ms
231 http fetch GET 200 https://registry.npmjs.org/decode-uri-component/-/decode-uri-component-0.2.0.tgz 623ms (cache miss)
232 timing reifyNode:node_modules/decode-uri-component Completed in 677ms
233 http fetch GET 200 https://registry.npmjs.org/strip-indent/-/strip-indent-3.0.0.tgz 631ms (cache miss)
234 timing reifyNode:node_modules/strip-indent Completed in 694ms
235 http fetch GET 200 https://registry.npmjs.org/@types/aria-query/-/aria-query-4.2.2.tgz 516ms (cache miss)
236 timing reifyNode:node_modules/@types/aria-query Completed in 701ms
237 http fetch GET 200 https://registry.npmjs.org/source-map-resolve/-/source-map-resolve-0.6.0.tgz 658ms (cache miss)
238 warn deprecated source-map-resolve@0.6.0: See https://github.com/lydell/source-map-resolve#deprecated
239 timing reifyNode:node_modules/source-map-resolve Completed in 729ms
240 http fetch GET 200 https://registry.npmjs.org/@types/prop-types/-/prop-types-15.7.4.tgz 627ms (cache miss)
241 timing reifyNode:node_modules/@types/prop-types Completed in 736ms
242 http fetch GET 200 https://registry.npmjs.org/atob/-/atob-2.1.2.tgz 688ms (cache miss)
243 timing reifyNode:node_modules/atob Completed in 746ms
244 http fetch GET 200 https://registry.npmjs.org/redent/-/redent-3.0.0.tgz 617ms (cache miss)
245 timing reifyNode:node_modules/redent Completed in 763ms
246 http fetch GET 200 https://registry.npmjs.org/css.escape/-/css.escape-1.5.1.tgz 626ms (cache miss)
247 timing reifyNode:node_modules/css.escape Completed in 775ms
248 http fetch GET 200 https://registry.npmjs.org/chalk/-/chalk-3.0.0.tgz 565ms (cache miss)
249 timing reifyNode:node_modules/@testing-library/jest-dom/node_modules/chalk Completed in 794ms
250 http fetch GET 200 https://registry.npmjs.org/@types/jest/-/jest-27.4.1.tgz 727ms (cache miss)
251 timing reifyNode:node_modules/@types/jest Completed in 804ms
252 http fetch GET 200 https://registry.npmjs.org/@types/testing-library__jest-dom/-/testing-library__jest-dom-5.14.3.tgz 649ms (cache miss)
253 timing reifyNode:node_modules/@types/testing-library__jest-dom Completed in 811ms
254 http fetch GET 200 https://registry.npmjs.org/@types/react-dom/-/react-dom-17.0.14.tgz 735ms (cache miss)
255 timing reifyNode:node_modules/@types/react-dom Completed in 860ms
256 http fetch GET 200 https://registry.npmjs.org/@types/react/-/react-17.0.42.tgz 824ms (cache miss)
257 timing reifyNode:node_modules/@types/react Completed in 940ms
258 http fetch GET 200 https://registry.npmjs.org/lz-string/-/lz-string-1.4.4.tgz 778ms (cache miss)
259 timing reifyNode:node_modules/lz-string Completed in 945ms
260 http fetch GET 200 https://registry.npmjs.org/@testing-library/jest-dom/-/jest-dom-5.16.2.tgz 766ms (cache miss)
261 timing reifyNode:node_modules/@testing-library/jest-dom Completed in 980ms
262 http fetch GET 200 https://registry.npmjs.org/css/-/css-3.0.0.tgz 853ms (cache miss)
263 timing reifyNode:node_modules/css Completed in 1006ms
264 timing reifyNode:node_modules/css/node_modules/source-map Completed in 1009ms
265 http fetch GET 200 https://registry.npmjs.org/csstype/-/csstype-3.0.11.tgz 1043ms (cache miss)
266 timing reifyNode:node_modules/csstype Completed in 1125ms
267 http fetch GET 200 https://registry.npmjs.org/dom-accessibility-api/-/dom-accessibility-api-0.5.13.tgz 1052ms (cache miss)
268 timing reifyNode:node_modules/dom-accessibility-api Completed in 1233ms
269 http fetch GET 200 https://registry.npmjs.org/web-vitals/-/web-vitals-2.1.4.tgz 1067ms (cache miss)
270 timing reifyNode:node_modules/web-vitals Completed in 1255ms
271 http fetch GET 200 https://registry.npmjs.org/@testing-library/user-event/-/user-event-13.5.0.tgz 1166ms (cache miss)
272 timing reifyNode:node_modules/@testing-library/user-event Completed in 1372ms
273 http fetch GET 200 https://registry.npmjs.org/@testing-library/dom/-/dom-8.11.3.tgz 1240ms (cache miss)
274 timing reifyNode:node_modules/@testing-library/dom Completed in 1437ms
275 http fetch GET 200 https://registry.npmjs.org/aria-query/-/aria-query-5.0.0.tgz 1246ms (cache miss)
276 timing reifyNode:node_modules/@testing-library/dom/node_modules/aria-query Completed in 1469ms
277 http fetch GET 200 https://registry.npmjs.org/aria-query/-/aria-query-5.0.0.tgz 1239ms (cache miss)
278 timing reifyNode:node_modules/@testing-library/jest-dom/node_modules/aria-query Completed in 1482ms
279 http fetch GET 200 https://registry.npmjs.org/@testing-library/react/-/react-12.1.4.tgz 1305ms (cache miss)
280 timing reifyNode:node_modules/@testing-library/react Completed in 1516ms
281 timing reify:unpack Completed in 1519ms
282 timing reify:unretire Completed in 0ms
283 timing build:queue Completed in 3ms
284 timing build:link:node_modules/lz-string Completed in 2ms
285 timing build:link:node_modules/atob Completed in 3ms
286 timing build:link Completed in 3ms
287 timing build:deps Completed in 6ms
288 timing build Completed in 6ms
289 timing reify:build Completed in 7ms
290 timing reify:trash Completed in 1ms
291 timing reify:save Completed in 361ms
292 timing reify Completed in 5624ms
293 silly ADD node_modules/min-indent
294 silly ADD node_modules/decode-uri-component
295 silly ADD node_modules/atob
296 silly ADD node_modules/strip-indent
297 silly ADD node_modules/source-map-resolve
298 silly ADD node_modules/@types/jest
299 silly ADD node_modules/csstype
300 silly ADD node_modules/@types/scheduler
301 silly ADD node_modules/@types/prop-types
302 silly ADD node_modules/@types/react
303 silly ADD node_modules/@types/react-dom
304 silly ADD node_modules/redent
305 silly ADD node_modules/css.escape
306 silly ADD node_modules/css
307 silly ADD node_modules/css/node_modules/source-map
308 silly ADD node_modules/@types/testing-library__jest-dom
309 silly ADD node_modules/lz-string
310 silly ADD node_modules/dom-accessibility-api
311 silly ADD node_modules/@types/aria-query
312 silly ADD node_modules/web-vitals
313 silly ADD node_modules/@testing-library/dom
314 silly ADD node_modules/@testing-library/dom/node_modules/has-flag
315 silly ADD node_modules/@testing-library/dom/node_modules/color-name
316 silly ADD node_modules/@testing-library/dom/node_modules/color-convert
317 silly ADD node_modules/@testing-library/dom/node_modules/supports-color
318 silly ADD node_modules/@testing-library/dom/node_modules/ansi-styles
319 silly ADD node_modules/@testing-library/dom/node_modules/chalk
320 silly ADD node_modules/@testing-library/dom/node_modules/aria-query
321 silly ADD node_modules/@testing-library/user-event
322 silly ADD node_modules/@testing-library/react
323 silly ADD node_modules/@testing-library/jest-dom
324 silly ADD node_modules/@testing-library/jest-dom/node_modules/has-flag
325 silly ADD node_modules/@testing-library/jest-dom/node_modules/color-name
326 silly ADD node_modules/@testing-library/jest-dom/node_modules/color-convert
327 silly ADD node_modules/@testing-library/jest-dom/node_modules/supports-color
328 silly ADD node_modules/@testing-library/jest-dom/node_modules/ansi-styles
329 silly ADD node_modules/@testing-library/jest-dom/node_modules/chalk
330 silly ADD node_modules/@testing-library/jest-dom/node_modules/aria-query
331 silly ADD
332 timing command:install Completed in 5637ms
333 verbose exit 0
334 timing npm Completed in 6060ms
335 info ok
