0 verbose cli [
0 verbose cli   '/usr/local/nvm/versions/node/v16.14.2/bin/node',
0 verbose cli   '/usr/local/nvm/versions/node/v16.14.2/bin/npm',
0 verbose cli   'config',
0 verbose cli   'list'
0 verbose cli ]
1 info using npm@8.5.0
2 info using node@v16.14.2
3 timing npm:load:whichnode Completed in 0ms
4 timing config:load:defaults Completed in 2ms
5 timing config:load:file:/usr/local/nvm/versions/node/v16.14.2/lib/node_modules/npm/npmrc Completed in 1ms
6 timing config:load:builtin Completed in 1ms
7 timing config:load:cli Completed in 3ms
8 timing config:load:env Completed in 1ms
9 timing config:load:file:/home/smasontech/client/.npmrc Completed in 0ms
10 timing config:load:project Completed in 23ms
11 timing config:load:file:/home/smasontech/.npmrc Completed in 0ms
12 timing config:load:user Completed in 0ms
13 timing config:load:file:/usr/local/nvm/versions/node/v16.14.2/etc/npmrc Completed in 0ms
14 timing config:load:global Completed in 0ms
15 timing config:load:validate Completed in 1ms
16 timing config:load:credentials Completed in 1ms
17 timing config:load:setEnvs Completed in 0ms
18 timing config:load Completed in 33ms
19 timing npm:load:configload Completed in 34ms
20 timing npm:load:setTitle Completed in 0ms
21 timing config:load:flatten Completed in 3ms
22 timing npm:load:display Completed in 4ms
23 verbose logfile /home/smasontech/.npm/_logs/2022-03-23T18_54_10_512Z-debug-0.log
24 timing npm:load:logFile Completed in 5ms
25 timing npm:load:timers Completed in 0ms
26 timing npm:load:configScope Completed in 0ms
27 timing npm:load Completed in 45ms
28 timing command:config Completed in 5ms
29 verbose exit 0
30 timing npm Completed in 216ms
31 info ok
