0 verbose cli [
0 verbose cli   '/usr/local/nvm/versions/node/v16.14.2/bin/node',
0 verbose cli   '/usr/local/nvm/versions/node/v16.14.2/lib/node_modules/npm/bin/npm-cli.js',
0 verbose cli   'exec',
0 verbose cli   '--',
0 verbose cli   'create-react-app',
0 verbose cli   '.'
0 verbose cli ]
1 info using npm@8.5.0
2 info using node@v16.14.2
3 timing npm:load:whichnode Completed in 0ms
4 timing config:load:defaults Completed in 2ms
5 timing config:load:file:/usr/local/nvm/versions/node/v16.14.2/lib/node_modules/npm/npmrc Completed in 1ms
6 timing config:load:builtin Completed in 1ms
7 timing config:load:cli Completed in 1ms
8 timing config:load:env Completed in 1ms
9 timing config:load:file:/home/smasontech/client/.npmrc Completed in 1ms
10 timing config:load:project Completed in 21ms
11 timing config:load:file:/home/smasontech/.npmrc Completed in 0ms
12 timing config:load:user Completed in 0ms
13 timing config:load:file:/usr/local/nvm/versions/node/v16.14.2/etc/npmrc Completed in 1ms
14 timing config:load:global Completed in 1ms
15 timing config:load:validate Completed in 0ms
16 timing config:load:credentials Completed in 1ms
17 timing config:load:setEnvs Completed in 1ms
18 timing config:load Completed in 31ms
19 timing npm:load:configload Completed in 31ms
20 timing npm:load:setTitle Completed in 0ms
21 timing config:load:flatten Completed in 3ms
22 timing npm:load:display Completed in 5ms
23 verbose logfile /home/smasontech/.npm/_logs/2022-03-23T18_54_09_263Z-debug-0.log
24 timing npm:load:logFile Completed in 6ms
25 timing npm:load:timers Completed in 0ms
26 timing npm:load:configScope Completed in 0ms
27 timing npm:load Completed in 42ms
28 http fetch GET 200 https://registry.npmjs.org/create-react-app 145ms (cache revalidated)
29 timing arborist:ctor Completed in 0ms
30 timing arborist:ctor Completed in 1ms
31 timing arborist:ctor Completed in 0ms
32 timing command:exec Completed in 149041ms
33 verbose exit 0
34 timing npm Completed in 149350ms
35 info ok
