0 verbose cli [
0 verbose cli   '/usr/local/nvm/versions/node/v12.14.1/bin/node',
0 verbose cli   '/usr/local/nvm/versions/node/v12.14.1/bin/npm',
0 verbose cli   'install',
0 verbose cli   '--ignore-scripts',
0 verbose cli   'types-registry@latest'
0 verbose cli ]
1 info using npm@8.5.5
2 info using node@v12.14.1
3 timing npm:load:whichnode Completed in 0ms
4 timing config:load:defaults Completed in 2ms
5 timing config:load:file:/usr/local/nvm/versions/node/v12.14.1/lib/node_modules/npm/npmrc Completed in 14ms
6 timing config:load:builtin Completed in 14ms
7 timing config:load:cli Completed in 4ms
8 timing config:load:env Completed in 5ms
9 timing config:load:file:/home/smasontech/.cache/typescript/3.8/.npmrc Completed in 1ms
10 timing config:load:project Completed in 5ms
11 timing config:load:file:/home/smasontech/.npmrc Completed in 1ms
12 timing config:load:user Completed in 1ms
13 timing config:load:file:/usr/local/nvm/versions/node/v12.14.1/etc/npmrc Completed in 1ms
14 timing config:load:global Completed in 2ms
15 timing config:load:validate Completed in 3ms
16 timing config:load:credentials Completed in 3ms
17 timing config:load:setEnvs Completed in 3ms
18 timing config:load Completed in 44ms
19 timing npm:load:configload Completed in 44ms
20 timing npm:load:setTitle Completed in 1ms
21 timing config:load:flatten Completed in 3ms
22 timing npm:load:display Completed in 5ms
23 verbose logfile /home/smasontech/.npm/_logs/2022-03-23T19_00_52_005Z-debug-0.log
24 timing npm:load:logFile Completed in 7ms
25 timing npm:load:timers Completed in 0ms
26 timing npm:load:configScope Completed in 4ms
27 timing npm:load Completed in 72ms
28 timing arborist:ctor Completed in 6ms
29 silly logfile start cleaning logs, removing 2 files
30 timing arborist:ctor Completed in 1ms
31 timing idealTree:init Completed in 88ms
32 http fetch GET 200 https://registry.yarnpkg.com/types-registry 237ms (cache miss)
33 timing idealTree:userRequests Completed in 294ms
34 silly idealTree buildDeps
35 silly fetch manifest types-registry@0.1.585
36 silly placeDep ROOT types-registry@0.1.585 OK for:  want: 0.1.585
37 timing idealTree:#root Completed in 39ms
38 timing idealTree:node_modules/types-registry Completed in 0ms
39 timing idealTree:buildDeps Completed in 62ms
40 timing idealTree:fixDepFlags Completed in 0ms
41 timing idealTree Completed in 451ms
42 timing reify:loadTrees Completed in 454ms
43 timing reify:diffTrees Completed in 2ms
44 silly reify moves {}
45 timing reify:retireShallow Completed in 0ms
46 timing reify:createSparse Completed in 7ms
47 timing reify:loadBundles Completed in 0ms
48 silly audit bulk request { 'types-registry': [ '0.1.585' ] }
49 silly tarball no local data for types-registry@https://registry.yarnpkg.com/types-registry/-/types-registry-0.1.585.tgz. Extracting by manifest.
50 http fetch POST 200 https://registry.yarnpkg.com/-/npm/v1/security/advisories/bulk 248ms
51 timing auditReport:getReport Completed in 249ms
52 silly audit report {}
53 timing auditReport:init Completed in 0ms
54 timing reify:audit Completed in 251ms
55 http fetch GET 200 https://registry.yarnpkg.com/types-registry/-/types-registry-0.1.585.tgz 274ms (cache miss)
56 timing reifyNode:node_modules/types-registry Completed in 310ms
57 timing reify:unpack Completed in 312ms
58 timing reify:unretire Completed in 0ms
59 timing build:queue Completed in 5ms
60 timing build:deps Completed in 5ms
61 timing build Completed in 5ms
62 timing reify:build Completed in 5ms
63 timing reify:trash Completed in 0ms
64 timing reify:save Completed in 10ms
65 timing reify Completed in 883ms
66 silly ADD node_modules/types-registry
67 timing command:install Completed in 916ms
68 verbose exit 0
69 timing npm Completed in 1495ms
70 info ok
